==11581== Memcheck, a memory error detector
==11581== Copyright (C) 2002-2017, and GNU GPL'd, by Julian Seward et al.
==11581== Using Valgrind-3.13.0 and LibVEX; rerun with -h for copyright info
==11581== Command: ./spell_check test7.txt wordlist.txt
==11581== Parent PID: 8714
==11581== 
--11581-- 
--11581-- Valgrind options:
--11581--    --tool=memcheck
--11581--    --log-file=valgrind/run16.log
--11581--    --leak-check=full
--11581--    -v
--11581--    --track-origins=yes
--11581-- Contents of /proc/version:
--11581--   Linux version 5.0.0-29-generic (buildd@lgw01-amd64-039) (gcc version 7.4.0 (Ubuntu 7.4.0-1ubuntu1~18.04.1)) #31~18.04.1-Ubuntu SMP Thu Sep 12 18:29:21 UTC 2019
--11581-- 
--11581-- Arch and hwcaps: AMD64, LittleEndian, amd64-cx16-lzcnt-rdtscp-sse3-avx-avx2
--11581-- Page sizes: currently 4096, max supported 4096
--11581-- Valgrind library directory: /usr/lib/valgrind
--11581-- Reading syms from /home/neil/ApplicationSecurity/ApplicationSecurityAssignment1/spell_check
--11581-- Reading syms from /lib/x86_64-linux-gnu/ld-2.27.so
--11581--   Considering /lib/x86_64-linux-gnu/ld-2.27.so ..
--11581--   .. CRC mismatch (computed 1b7c895e wanted 2943108a)
--11581--   Considering /usr/lib/debug/lib/x86_64-linux-gnu/ld-2.27.so ..
--11581--   .. CRC is valid
--11581-- Reading syms from /usr/lib/valgrind/memcheck-amd64-linux
--11581--   Considering /usr/lib/valgrind/memcheck-amd64-linux ..
--11581--   .. CRC mismatch (computed c25f395c wanted 0a9602a8)
--11581--    object doesn't have a symbol table
--11581--    object doesn't have a dynamic symbol table
--11581-- Scheduler: using generic scheduler lock implementation.
--11581-- Reading suppressions file: /usr/lib/valgrind/default.supp
==11581== embedded gdbserver: reading from /tmp/vgdb-pipe-from-vgdb-to-11581-by-neil-on-???
==11581== embedded gdbserver: writing to   /tmp/vgdb-pipe-to-vgdb-from-11581-by-neil-on-???
==11581== embedded gdbserver: shared mem   /tmp/vgdb-pipe-shared-mem-vgdb-11581-by-neil-on-???
==11581== 
==11581== TO CONTROL THIS PROCESS USING vgdb (which you probably
==11581== don't want to do, unless you know exactly what you're doing,
==11581== or are doing some strange experiment):
==11581==   /usr/lib/valgrind/../../bin/vgdb --pid=11581 ...command...
==11581== 
==11581== TO DEBUG THIS PROCESS USING GDB: start GDB like this
==11581==   /path/to/gdb ./spell_check
==11581== and then give GDB the following command
==11581==   target remote | /usr/lib/valgrind/../../bin/vgdb --pid=11581
==11581== --pid is optional if only one valgrind process is running
==11581== 
--11581-- REDIR: 0x401f2f0 (ld-linux-x86-64.so.2:strlen) redirected to 0x58060901 (???)
--11581-- REDIR: 0x401f0d0 (ld-linux-x86-64.so.2:index) redirected to 0x5806091b (???)
--11581-- Reading syms from /usr/lib/valgrind/vgpreload_core-amd64-linux.so
--11581--   Considering /usr/lib/valgrind/vgpreload_core-amd64-linux.so ..
--11581--   .. CRC mismatch (computed 4b63d83e wanted 670599e6)
--11581--    object doesn't have a symbol table
--11581-- Reading syms from /usr/lib/valgrind/vgpreload_memcheck-amd64-linux.so
--11581--   Considering /usr/lib/valgrind/vgpreload_memcheck-amd64-linux.so ..
--11581--   .. CRC mismatch (computed a4b37bee wanted 8ad4dc94)
--11581--    object doesn't have a symbol table
==11581== WARNING: new redirection conflicts with existing -- ignoring it
--11581--     old: 0x0401f2f0 (strlen              ) R-> (0000.0) 0x58060901 ???
--11581--     new: 0x0401f2f0 (strlen              ) R-> (2007.0) 0x04c32db0 strlen
--11581-- REDIR: 0x401d360 (ld-linux-x86-64.so.2:strcmp) redirected to 0x4c33ee0 (strcmp)
--11581-- REDIR: 0x401f830 (ld-linux-x86-64.so.2:mempcpy) redirected to 0x4c374f0 (mempcpy)
--11581-- Reading syms from /lib/x86_64-linux-gnu/libc-2.27.so
--11581--   Considering /lib/x86_64-linux-gnu/libc-2.27.so ..
--11581--   .. CRC mismatch (computed b1c74187 wanted 042cc048)
--11581--   Considering /usr/lib/debug/lib/x86_64-linux-gnu/libc-2.27.so ..
--11581--   .. CRC is valid
--11581-- REDIR: 0x4edac70 (libc.so.6:memmove) redirected to 0x4a2a6e0 (_vgnU_ifunc_wrapper)
--11581-- REDIR: 0x4ed9d40 (libc.so.6:strncpy) redirected to 0x4a2a6e0 (_vgnU_ifunc_wrapper)
--11581-- REDIR: 0x4edaf50 (libc.so.6:strcasecmp) redirected to 0x4a2a6e0 (_vgnU_ifunc_wrapper)
--11581-- REDIR: 0x4ed9790 (libc.so.6:strcat) redirected to 0x4a2a6e0 (_vgnU_ifunc_wrapper)
--11581-- REDIR: 0x4ed9d70 (libc.so.6:rindex) redirected to 0x4a2a6e0 (_vgnU_ifunc_wrapper)
--11581-- REDIR: 0x4edc7c0 (libc.so.6:rawmemchr) redirected to 0x4a2a6e0 (_vgnU_ifunc_wrapper)
--11581-- REDIR: 0x4edade0 (libc.so.6:mempcpy) redirected to 0x4a2a6e0 (_vgnU_ifunc_wrapper)
--11581-- REDIR: 0x4edac10 (libc.so.6:bcmp) redirected to 0x4a2a6e0 (_vgnU_ifunc_wrapper)
--11581-- REDIR: 0x4ed9d00 (libc.so.6:strncmp) redirected to 0x4a2a6e0 (_vgnU_ifunc_wrapper)
--11581-- REDIR: 0x4ed9800 (libc.so.6:strcmp) redirected to 0x4a2a6e0 (_vgnU_ifunc_wrapper)
--11581-- REDIR: 0x4edad40 (libc.so.6:memset) redirected to 0x4a2a6e0 (_vgnU_ifunc_wrapper)
--11581-- REDIR: 0x4ef80f0 (libc.so.6:wcschr) redirected to 0x4a2a6e0 (_vgnU_ifunc_wrapper)
--11581-- REDIR: 0x4ed9ca0 (libc.so.6:strnlen) redirected to 0x4a2a6e0 (_vgnU_ifunc_wrapper)
--11581-- REDIR: 0x4ed9870 (libc.so.6:strcspn) redirected to 0x4a2a6e0 (_vgnU_ifunc_wrapper)
--11581-- REDIR: 0x4edafa0 (libc.so.6:strncasecmp) redirected to 0x4a2a6e0 (_vgnU_ifunc_wrapper)
--11581-- REDIR: 0x4ed9840 (libc.so.6:strcpy) redirected to 0x4a2a6e0 (_vgnU_ifunc_wrapper)
--11581-- REDIR: 0x4edb0e0 (libc.so.6:memcpy@@GLIBC_2.14) redirected to 0x4a2a6e0 (_vgnU_ifunc_wrapper)
--11581-- REDIR: 0x4ed9da0 (libc.so.6:strpbrk) redirected to 0x4a2a6e0 (_vgnU_ifunc_wrapper)
--11581-- REDIR: 0x4ed97c0 (libc.so.6:index) redirected to 0x4a2a6e0 (_vgnU_ifunc_wrapper)
--11581-- REDIR: 0x4ed9c70 (libc.so.6:strlen) redirected to 0x4a2a6e0 (_vgnU_ifunc_wrapper)
--11581-- REDIR: 0x4ee46c0 (libc.so.6:memrchr) redirected to 0x4a2a6e0 (_vgnU_ifunc_wrapper)
--11581-- REDIR: 0x4edaff0 (libc.so.6:strcasecmp_l) redirected to 0x4a2a6e0 (_vgnU_ifunc_wrapper)
--11581-- REDIR: 0x4edabe0 (libc.so.6:memchr) redirected to 0x4a2a6e0 (_vgnU_ifunc_wrapper)
--11581-- REDIR: 0x4ef8eb0 (libc.so.6:wcslen) redirected to 0x4a2a6e0 (_vgnU_ifunc_wrapper)
--11581-- REDIR: 0x4eda050 (libc.so.6:strspn) redirected to 0x4a2a6e0 (_vgnU_ifunc_wrapper)
--11581-- REDIR: 0x4edaf20 (libc.so.6:stpncpy) redirected to 0x4a2a6e0 (_vgnU_ifunc_wrapper)
--11581-- REDIR: 0x4edaef0 (libc.so.6:stpcpy) redirected to 0x4a2a6e0 (_vgnU_ifunc_wrapper)
--11581-- REDIR: 0x4edc7f0 (libc.so.6:strchrnul) redirected to 0x4a2a6e0 (_vgnU_ifunc_wrapper)
--11581-- REDIR: 0x4edb040 (libc.so.6:strncasecmp_l) redirected to 0x4a2a6e0 (_vgnU_ifunc_wrapper)
--11581-- REDIR: 0x4fca3c0 (libc.so.6:__strrchr_avx2) redirected to 0x4c32730 (rindex)
--11581-- REDIR: 0x4ed3070 (libc.so.6:malloc) redirected to 0x4c2faa0 (malloc)
--11581-- REDIR: 0x4eda590 (libc.so.6:__GI_strstr) redirected to 0x4c37760 (__strstr_sse2)
--11581-- REDIR: 0x4fc6420 (libc.so.6:__memchr_avx2) redirected to 0x4c33f80 (memchr)
--11581-- REDIR: 0x4fcaad0 (libc.so.6:__memcpy_avx_unaligned_erms) redirected to 0x4c366e0 (memmove)
--11581-- REDIR: 0x4fca590 (libc.so.6:__strlen_avx2) redirected to 0x4c32cf0 (strlen)
--11581-- REDIR: 0x4fca1d0 (libc.so.6:__strchrnul_avx2) redirected to 0x4c37020 (strchrnul)
--11581-- REDIR: 0x4fcaab0 (libc.so.6:__mempcpy_avx_unaligned_erms) redirected to 0x4c37130 (mempcpy)
--11581-- REDIR: 0x4ed3950 (libc.so.6:free) redirected to 0x4c30cd0 (free)
--11581-- REDIR: 0x4fc1510 (libc.so.6:__strncmp_sse42) redirected to 0x4c33570 (__strncmp_sse42)
--11581-- REDIR: 0x4ed6030 (libc.so.6:calloc) redirected to 0x4c31a70 (calloc)
==11581== Conditional jump or move depends on uninitialised value(s)
==11581==    at 0x4C32D08: strlen (in /usr/lib/valgrind/vgpreload_memcheck-amd64-linux.so)
==11581==    by 0x4E994D2: vfprintf (vfprintf.c:1643)
==11581==    by 0x4EC490F: vsnprintf (vsnprintf.c:114)
==11581==    by 0x4EA0FDE: snprintf (snprintf.c:33)
==11581==    by 0x109279: check_words (spell.c:142)
==11581==    by 0x10994D: main (in /home/neil/ApplicationSecurity/ApplicationSecurityAssignment1/spell_check)
==11581==  Uninitialised value was created by a stack allocation
==11581==    at 0x10908F: check_words (spell.c:101)
==11581== 
==11581== Conditional jump or move depends on uninitialised value(s)
==11581==    at 0x4ECA497: _IO_default_xsputn (genops.c:417)
==11581==    by 0x4E98FEA: vfprintf (vfprintf.c:1643)
==11581==    by 0x4EC490F: vsnprintf (vsnprintf.c:114)
==11581==    by 0x4EA0FDE: snprintf (snprintf.c:33)
==11581==    by 0x109279: check_words (spell.c:142)
==11581==    by 0x10994D: main (in /home/neil/ApplicationSecurity/ApplicationSecurityAssignment1/spell_check)
==11581==  Uninitialised value was created by a stack allocation
==11581==    at 0x10908F: check_words (spell.c:101)
==11581== 
==11581== 
==11581== HEAP SUMMARY:
==11581==     in use at exit: 6,895,388 bytes in 123,133 blocks
==11581==   total heap usage: 123,145 allocs, 12 frees, 6,905,742 bytes allocated
==11581== 
==11581== Searching for pointers to 123,133 not-freed blocks
==11581== Checked 82,312 bytes
==11581== 
==11581== 6 bytes in 1 blocks are definitely lost in loss record 1 of 4
==11581==    at 0x4C31B25: calloc (in /usr/lib/valgrind/vgpreload_memcheck-amd64-linux.so)
==11581==    by 0x1091BB: check_words (spell.c:135)
==11581==    by 0x10994D: main (in /home/neil/ApplicationSecurity/ApplicationSecurityAssignment1/spell_check)
==11581== 
==11581== 46 bytes in 1 blocks are definitely lost in loss record 2 of 4
==11581==    at 0x4C31B25: calloc (in /usr/lib/valgrind/vgpreload_memcheck-amd64-linux.so)
==11581==    by 0x109239: check_words (spell.c:141)
==11581==    by 0x10994D: main (in /home/neil/ApplicationSecurity/ApplicationSecurityAssignment1/spell_check)
==11581== 
==11581== 6,895,336 (99,848 direct, 6,795,488 indirect) bytes in 1,783 blocks are definitely lost in loss record 4 of 4
==11581==    at 0x4C2FB0F: malloc (in /usr/lib/valgrind/vgpreload_memcheck-amd64-linux.so)
==11581==    by 0x109772: load_dictionary (spell.c:260)
==11581==    by 0x10992D: main (in /home/neil/ApplicationSecurity/ApplicationSecurityAssignment1/spell_check)
==11581== 
==11581== LEAK SUMMARY:
==11581==    definitely lost: 99,900 bytes in 1,785 blocks
==11581==    indirectly lost: 6,795,488 bytes in 121,348 blocks
==11581==      possibly lost: 0 bytes in 0 blocks
==11581==    still reachable: 0 bytes in 0 blocks
==11581==         suppressed: 0 bytes in 0 blocks
==11581== 
==11581== ERROR SUMMARY: 8 errors from 5 contexts (suppressed: 0 from 0)
==11581== 
==11581== 2 errors in context 1 of 5:
==11581== Conditional jump or move depends on uninitialised value(s)
==11581==    at 0x4ECA497: _IO_default_xsputn (genops.c:417)
==11581==    by 0x4E98FEA: vfprintf (vfprintf.c:1643)
==11581==    by 0x4EC490F: vsnprintf (vsnprintf.c:114)
==11581==    by 0x4EA0FDE: snprintf (snprintf.c:33)
==11581==    by 0x109279: check_words (spell.c:142)
==11581==    by 0x10994D: main (in /home/neil/ApplicationSecurity/ApplicationSecurityAssignment1/spell_check)
==11581==  Uninitialised value was created by a stack allocation
==11581==    at 0x10908F: check_words (spell.c:101)
==11581== 
==11581== 
==11581== 3 errors in context 2 of 5:
==11581== Conditional jump or move depends on uninitialised value(s)
==11581==    at 0x4C32D08: strlen (in /usr/lib/valgrind/vgpreload_memcheck-amd64-linux.so)
==11581==    by 0x4E994D2: vfprintf (vfprintf.c:1643)
==11581==    by 0x4EC490F: vsnprintf (vsnprintf.c:114)
==11581==    by 0x4EA0FDE: snprintf (snprintf.c:33)
==11581==    by 0x109279: check_words (spell.c:142)
==11581==    by 0x10994D: main (in /home/neil/ApplicationSecurity/ApplicationSecurityAssignment1/spell_check)
==11581==  Uninitialised value was created by a stack allocation
==11581==    at 0x10908F: check_words (spell.c:101)
==11581== 
==11581== ERROR SUMMARY: 8 errors from 5 contexts (suppressed: 0 from 0)
