==12240== Memcheck, a memory error detector
==12240== Copyright (C) 2002-2017, and GNU GPL'd, by Julian Seward et al.
==12240== Using Valgrind-3.13.0 and LibVEX; rerun with -h for copyright info
==12240== Command: ./spell_check test7.txt wordlist.txt
==12240== Parent PID: 8714
==12240== 
--12240-- 
--12240-- Valgrind options:
--12240--    --tool=memcheck
--12240--    --log-file=valgrind/run19.log
--12240--    --leak-check=full
--12240--    -v
--12240--    --track-origins=yes
--12240-- Contents of /proc/version:
--12240--   Linux version 5.0.0-29-generic (buildd@lgw01-amd64-039) (gcc version 7.4.0 (Ubuntu 7.4.0-1ubuntu1~18.04.1)) #31~18.04.1-Ubuntu SMP Thu Sep 12 18:29:21 UTC 2019
--12240-- 
--12240-- Arch and hwcaps: AMD64, LittleEndian, amd64-cx16-lzcnt-rdtscp-sse3-avx-avx2
--12240-- Page sizes: currently 4096, max supported 4096
--12240-- Valgrind library directory: /usr/lib/valgrind
--12240-- Reading syms from /home/neil/ApplicationSecurity/ApplicationSecurityAssignment1/spell_check
--12240-- Reading syms from /lib/x86_64-linux-gnu/ld-2.27.so
--12240--   Considering /lib/x86_64-linux-gnu/ld-2.27.so ..
--12240--   .. CRC mismatch (computed 1b7c895e wanted 2943108a)
--12240--   Considering /usr/lib/debug/lib/x86_64-linux-gnu/ld-2.27.so ..
--12240--   .. CRC is valid
--12240-- Reading syms from /usr/lib/valgrind/memcheck-amd64-linux
--12240--   Considering /usr/lib/valgrind/memcheck-amd64-linux ..
--12240--   .. CRC mismatch (computed c25f395c wanted 0a9602a8)
--12240--    object doesn't have a symbol table
--12240--    object doesn't have a dynamic symbol table
--12240-- Scheduler: using generic scheduler lock implementation.
--12240-- Reading suppressions file: /usr/lib/valgrind/default.supp
==12240== embedded gdbserver: reading from /tmp/vgdb-pipe-from-vgdb-to-12240-by-neil-on-???
==12240== embedded gdbserver: writing to   /tmp/vgdb-pipe-to-vgdb-from-12240-by-neil-on-???
==12240== embedded gdbserver: shared mem   /tmp/vgdb-pipe-shared-mem-vgdb-12240-by-neil-on-???
==12240== 
==12240== TO CONTROL THIS PROCESS USING vgdb (which you probably
==12240== don't want to do, unless you know exactly what you're doing,
==12240== or are doing some strange experiment):
==12240==   /usr/lib/valgrind/../../bin/vgdb --pid=12240 ...command...
==12240== 
==12240== TO DEBUG THIS PROCESS USING GDB: start GDB like this
==12240==   /path/to/gdb ./spell_check
==12240== and then give GDB the following command
==12240==   target remote | /usr/lib/valgrind/../../bin/vgdb --pid=12240
==12240== --pid is optional if only one valgrind process is running
==12240== 
--12240-- REDIR: 0x401f2f0 (ld-linux-x86-64.so.2:strlen) redirected to 0x58060901 (???)
--12240-- REDIR: 0x401f0d0 (ld-linux-x86-64.so.2:index) redirected to 0x5806091b (???)
--12240-- Reading syms from /usr/lib/valgrind/vgpreload_core-amd64-linux.so
--12240--   Considering /usr/lib/valgrind/vgpreload_core-amd64-linux.so ..
--12240--   .. CRC mismatch (computed 4b63d83e wanted 670599e6)
--12240--    object doesn't have a symbol table
--12240-- Reading syms from /usr/lib/valgrind/vgpreload_memcheck-amd64-linux.so
--12240--   Considering /usr/lib/valgrind/vgpreload_memcheck-amd64-linux.so ..
--12240--   .. CRC mismatch (computed a4b37bee wanted 8ad4dc94)
--12240--    object doesn't have a symbol table
==12240== WARNING: new redirection conflicts with existing -- ignoring it
--12240--     old: 0x0401f2f0 (strlen              ) R-> (0000.0) 0x58060901 ???
--12240--     new: 0x0401f2f0 (strlen              ) R-> (2007.0) 0x04c32db0 strlen
--12240-- REDIR: 0x401d360 (ld-linux-x86-64.so.2:strcmp) redirected to 0x4c33ee0 (strcmp)
--12240-- REDIR: 0x401f830 (ld-linux-x86-64.so.2:mempcpy) redirected to 0x4c374f0 (mempcpy)
--12240-- Reading syms from /lib/x86_64-linux-gnu/libc-2.27.so
--12240--   Considering /lib/x86_64-linux-gnu/libc-2.27.so ..
--12240--   .. CRC mismatch (computed b1c74187 wanted 042cc048)
--12240--   Considering /usr/lib/debug/lib/x86_64-linux-gnu/libc-2.27.so ..
--12240--   .. CRC is valid
--12240-- REDIR: 0x4edac70 (libc.so.6:memmove) redirected to 0x4a2a6e0 (_vgnU_ifunc_wrapper)
--12240-- REDIR: 0x4ed9d40 (libc.so.6:strncpy) redirected to 0x4a2a6e0 (_vgnU_ifunc_wrapper)
--12240-- REDIR: 0x4edaf50 (libc.so.6:strcasecmp) redirected to 0x4a2a6e0 (_vgnU_ifunc_wrapper)
--12240-- REDIR: 0x4ed9790 (libc.so.6:strcat) redirected to 0x4a2a6e0 (_vgnU_ifunc_wrapper)
--12240-- REDIR: 0x4ed9d70 (libc.so.6:rindex) redirected to 0x4a2a6e0 (_vgnU_ifunc_wrapper)
--12240-- REDIR: 0x4edc7c0 (libc.so.6:rawmemchr) redirected to 0x4a2a6e0 (_vgnU_ifunc_wrapper)
--12240-- REDIR: 0x4edade0 (libc.so.6:mempcpy) redirected to 0x4a2a6e0 (_vgnU_ifunc_wrapper)
--12240-- REDIR: 0x4edac10 (libc.so.6:bcmp) redirected to 0x4a2a6e0 (_vgnU_ifunc_wrapper)
--12240-- REDIR: 0x4ed9d00 (libc.so.6:strncmp) redirected to 0x4a2a6e0 (_vgnU_ifunc_wrapper)
--12240-- REDIR: 0x4ed9800 (libc.so.6:strcmp) redirected to 0x4a2a6e0 (_vgnU_ifunc_wrapper)
--12240-- REDIR: 0x4edad40 (libc.so.6:memset) redirected to 0x4a2a6e0 (_vgnU_ifunc_wrapper)
--12240-- REDIR: 0x4ef80f0 (libc.so.6:wcschr) redirected to 0x4a2a6e0 (_vgnU_ifunc_wrapper)
--12240-- REDIR: 0x4ed9ca0 (libc.so.6:strnlen) redirected to 0x4a2a6e0 (_vgnU_ifunc_wrapper)
--12240-- REDIR: 0x4ed9870 (libc.so.6:strcspn) redirected to 0x4a2a6e0 (_vgnU_ifunc_wrapper)
--12240-- REDIR: 0x4edafa0 (libc.so.6:strncasecmp) redirected to 0x4a2a6e0 (_vgnU_ifunc_wrapper)
--12240-- REDIR: 0x4ed9840 (libc.so.6:strcpy) redirected to 0x4a2a6e0 (_vgnU_ifunc_wrapper)
--12240-- REDIR: 0x4edb0e0 (libc.so.6:memcpy@@GLIBC_2.14) redirected to 0x4a2a6e0 (_vgnU_ifunc_wrapper)
--12240-- REDIR: 0x4ed9da0 (libc.so.6:strpbrk) redirected to 0x4a2a6e0 (_vgnU_ifunc_wrapper)
--12240-- REDIR: 0x4ed97c0 (libc.so.6:index) redirected to 0x4a2a6e0 (_vgnU_ifunc_wrapper)
--12240-- REDIR: 0x4ed9c70 (libc.so.6:strlen) redirected to 0x4a2a6e0 (_vgnU_ifunc_wrapper)
--12240-- REDIR: 0x4ee46c0 (libc.so.6:memrchr) redirected to 0x4a2a6e0 (_vgnU_ifunc_wrapper)
--12240-- REDIR: 0x4edaff0 (libc.so.6:strcasecmp_l) redirected to 0x4a2a6e0 (_vgnU_ifunc_wrapper)
--12240-- REDIR: 0x4edabe0 (libc.so.6:memchr) redirected to 0x4a2a6e0 (_vgnU_ifunc_wrapper)
--12240-- REDIR: 0x4ef8eb0 (libc.so.6:wcslen) redirected to 0x4a2a6e0 (_vgnU_ifunc_wrapper)
--12240-- REDIR: 0x4eda050 (libc.so.6:strspn) redirected to 0x4a2a6e0 (_vgnU_ifunc_wrapper)
--12240-- REDIR: 0x4edaf20 (libc.so.6:stpncpy) redirected to 0x4a2a6e0 (_vgnU_ifunc_wrapper)
--12240-- REDIR: 0x4edaef0 (libc.so.6:stpcpy) redirected to 0x4a2a6e0 (_vgnU_ifunc_wrapper)
--12240-- REDIR: 0x4edc7f0 (libc.so.6:strchrnul) redirected to 0x4a2a6e0 (_vgnU_ifunc_wrapper)
--12240-- REDIR: 0x4edb040 (libc.so.6:strncasecmp_l) redirected to 0x4a2a6e0 (_vgnU_ifunc_wrapper)
--12240-- REDIR: 0x4fca3c0 (libc.so.6:__strrchr_avx2) redirected to 0x4c32730 (rindex)
--12240-- REDIR: 0x4ed3070 (libc.so.6:malloc) redirected to 0x4c2faa0 (malloc)
--12240-- REDIR: 0x4eda590 (libc.so.6:__GI_strstr) redirected to 0x4c37760 (__strstr_sse2)
--12240-- REDIR: 0x4fc6420 (libc.so.6:__memchr_avx2) redirected to 0x4c33f80 (memchr)
--12240-- REDIR: 0x4fcaad0 (libc.so.6:__memcpy_avx_unaligned_erms) redirected to 0x4c366e0 (memmove)
--12240-- REDIR: 0x4fca590 (libc.so.6:__strlen_avx2) redirected to 0x4c32cf0 (strlen)
--12240-- REDIR: 0x4fca1d0 (libc.so.6:__strchrnul_avx2) redirected to 0x4c37020 (strchrnul)
--12240-- REDIR: 0x4fcaab0 (libc.so.6:__mempcpy_avx_unaligned_erms) redirected to 0x4c37130 (mempcpy)
--12240-- REDIR: 0x4ed3950 (libc.so.6:free) redirected to 0x4c30cd0 (free)
--12240-- REDIR: 0x4fc1510 (libc.so.6:__strncmp_sse42) redirected to 0x4c33570 (__strncmp_sse42)
--12240-- REDIR: 0x4fcaf50 (libc.so.6:__memset_avx2_unaligned_erms) redirected to 0x4c365d0 (memset)
==12240== Conditional jump or move depends on uninitialised value(s)
==12240==    at 0x4C32D08: strlen (in /usr/lib/valgrind/vgpreload_memcheck-amd64-linux.so)
==12240==    by 0x109242: check_words (spell.c:142)
==12240==    by 0x1099A9: main (in /home/neil/ApplicationSecurity/ApplicationSecurityAssignment1/spell_check)
==12240==  Uninitialised value was created by a stack allocation
==12240==    at 0x10908F: check_words (spell.c:101)
==12240== 
==12240== Conditional jump or move depends on uninitialised value(s)
==12240==    at 0x4C32D08: strlen (in /usr/lib/valgrind/vgpreload_memcheck-amd64-linux.so)
==12240==    by 0x10929A: check_words (spell.c:144)
==12240==    by 0x1099A9: main (in /home/neil/ApplicationSecurity/ApplicationSecurityAssignment1/spell_check)
==12240==  Uninitialised value was created by a stack allocation
==12240==    at 0x10908F: check_words (spell.c:101)
==12240== 
==12240== Conditional jump or move depends on uninitialised value(s)
==12240==    at 0x4C32D08: strlen (in /usr/lib/valgrind/vgpreload_memcheck-amd64-linux.so)
==12240==    by 0x4E994D2: vfprintf (vfprintf.c:1643)
==12240==    by 0x4EC490F: vsnprintf (vsnprintf.c:114)
==12240==    by 0x4EA0FDE: snprintf (snprintf.c:33)
==12240==    by 0x1092D5: check_words (spell.c:144)
==12240==    by 0x1099A9: main (in /home/neil/ApplicationSecurity/ApplicationSecurityAssignment1/spell_check)
==12240==  Uninitialised value was created by a stack allocation
==12240==    at 0x10908F: check_words (spell.c:101)
==12240== 
==12240== Conditional jump or move depends on uninitialised value(s)
==12240==    at 0x4ECA497: _IO_default_xsputn (genops.c:417)
==12240==    by 0x4E98FEA: vfprintf (vfprintf.c:1643)
==12240==    by 0x4EC490F: vsnprintf (vsnprintf.c:114)
==12240==    by 0x4EA0FDE: snprintf (snprintf.c:33)
==12240==    by 0x1092D5: check_words (spell.c:144)
==12240==    by 0x1099A9: main (in /home/neil/ApplicationSecurity/ApplicationSecurityAssignment1/spell_check)
==12240==  Uninitialised value was created by a stack allocation
==12240==    at 0x10908F: check_words (spell.c:101)
==12240== 
==12240== Conditional jump or move depends on uninitialised value(s)
==12240==    at 0x4C32D08: strlen (in /usr/lib/valgrind/vgpreload_memcheck-amd64-linux.so)
==12240==    by 0x4EBC9D1: puts (ioputs.c:35)
==12240==    by 0x1099DF: main (in /home/neil/ApplicationSecurity/ApplicationSecurityAssignment1/spell_check)
==12240==  Uninitialised value was created by a stack allocation
==12240==    at 0x10908F: check_words (spell.c:101)
==12240== 
==12240== Conditional jump or move depends on uninitialised value(s)
==12240==    at 0x4EC7A65: _IO_file_xsputn@@GLIBC_2.2.5 (fileops.c:1241)
==12240==    by 0x4EBCA8E: puts (ioputs.c:40)
==12240==    by 0x1099DF: main (in /home/neil/ApplicationSecurity/ApplicationSecurityAssignment1/spell_check)
==12240==  Uninitialised value was created by a stack allocation
==12240==    at 0x10908F: check_words (spell.c:101)
==12240== 
==12240== Syscall param write(buf) points to uninitialised byte(s)
==12240==    at 0x4F4C154: write (write.c:27)
==12240==    by 0x4EC71BC: _IO_file_write@@GLIBC_2.2.5 (fileops.c:1203)
==12240==    by 0x4EC8F50: new_do_write (fileops.c:457)
==12240==    by 0x4EC8F50: _IO_do_write@@GLIBC_2.2.5 (fileops.c:433)
==12240==    by 0x4EC9402: _IO_file_overflow@@GLIBC_2.2.5 (fileops.c:798)
==12240==    by 0x4EBCB61: puts (ioputs.c:41)
==12240==    by 0x1099DF: main (in /home/neil/ApplicationSecurity/ApplicationSecurityAssignment1/spell_check)
==12240==  Address 0x61376fe is 46 bytes inside a block of size 1,024 alloc'd
==12240==    at 0x4C2FB0F: malloc (in /usr/lib/valgrind/vgpreload_memcheck-amd64-linux.so)
==12240==    by 0x4EBA18B: _IO_file_doallocate (filedoalloc.c:101)
==12240==    by 0x4ECA378: _IO_doallocbuf (genops.c:365)
==12240==    by 0x4EC9497: _IO_file_overflow@@GLIBC_2.2.5 (fileops.c:759)
==12240==    by 0x4EC79EC: _IO_file_xsputn@@GLIBC_2.2.5 (fileops.c:1266)
==12240==    by 0x4EBCA8E: puts (ioputs.c:40)
==12240==    by 0x1099BB: main (in /home/neil/ApplicationSecurity/ApplicationSecurityAssignment1/spell_check)
==12240==  Uninitialised value was created by a stack allocation
==12240==    at 0x10908F: check_words (spell.c:101)
==12240== 
==12240== 
==12240== HEAP SUMMARY:
==12240==     in use at exit: 6,895,389 bytes in 123,133 blocks
==12240==   total heap usage: 123,145 allocs, 12 frees, 6,905,743 bytes allocated
==12240== 
==12240== Searching for pointers to 123,133 not-freed blocks
==12240== Checked 82,312 bytes
==12240== 
==12240== 5 bytes in 1 blocks are definitely lost in loss record 1 of 4
==12240==    at 0x4C2FB0F: malloc (in /usr/lib/valgrind/vgpreload_memcheck-amd64-linux.so)
==12240==    by 0x1091B3: check_words (spell.c:135)
==12240==    by 0x1099A9: main (in /home/neil/ApplicationSecurity/ApplicationSecurityAssignment1/spell_check)
==12240== 
==12240== 48 bytes in 1 blocks are definitely lost in loss record 2 of 4
==12240==    at 0x4C2FB0F: malloc (in /usr/lib/valgrind/vgpreload_memcheck-amd64-linux.so)
==12240==    by 0x109262: check_words (spell.c:142)
==12240==    by 0x1099A9: main (in /home/neil/ApplicationSecurity/ApplicationSecurityAssignment1/spell_check)
==12240== 
==12240== 6,895,336 (99,848 direct, 6,795,488 indirect) bytes in 1,783 blocks are definitely lost in loss record 4 of 4
==12240==    at 0x4C2FB0F: malloc (in /usr/lib/valgrind/vgpreload_memcheck-amd64-linux.so)
==12240==    by 0x1097CE: load_dictionary (spell.c:262)
==12240==    by 0x109989: main (in /home/neil/ApplicationSecurity/ApplicationSecurityAssignment1/spell_check)
==12240== 
==12240== LEAK SUMMARY:
==12240==    definitely lost: 99,901 bytes in 1,785 blocks
==12240==    indirectly lost: 6,795,488 bytes in 121,348 blocks
==12240==      possibly lost: 0 bytes in 0 blocks
==12240==    still reachable: 0 bytes in 0 blocks
==12240==         suppressed: 0 bytes in 0 blocks
==12240== 
==12240== ERROR SUMMARY: 16 errors from 10 contexts (suppressed: 0 from 0)
==12240== 
==12240== 1 errors in context 1 of 10:
==12240== Syscall param write(buf) points to uninitialised byte(s)
==12240==    at 0x4F4C154: write (write.c:27)
==12240==    by 0x4EC71BC: _IO_file_write@@GLIBC_2.2.5 (fileops.c:1203)
==12240==    by 0x4EC8F50: new_do_write (fileops.c:457)
==12240==    by 0x4EC8F50: _IO_do_write@@GLIBC_2.2.5 (fileops.c:433)
==12240==    by 0x4EC9402: _IO_file_overflow@@GLIBC_2.2.5 (fileops.c:798)
==12240==    by 0x4EBCB61: puts (ioputs.c:41)
==12240==    by 0x1099DF: main (in /home/neil/ApplicationSecurity/ApplicationSecurityAssignment1/spell_check)
==12240==  Address 0x61376fe is 46 bytes inside a block of size 1,024 alloc'd
==12240==    at 0x4C2FB0F: malloc (in /usr/lib/valgrind/vgpreload_memcheck-amd64-linux.so)
==12240==    by 0x4EBA18B: _IO_file_doallocate (filedoalloc.c:101)
==12240==    by 0x4ECA378: _IO_doallocbuf (genops.c:365)
==12240==    by 0x4EC9497: _IO_file_overflow@@GLIBC_2.2.5 (fileops.c:759)
==12240==    by 0x4EC79EC: _IO_file_xsputn@@GLIBC_2.2.5 (fileops.c:1266)
==12240==    by 0x4EBCA8E: puts (ioputs.c:40)
==12240==    by 0x1099BB: main (in /home/neil/ApplicationSecurity/ApplicationSecurityAssignment1/spell_check)
==12240==  Uninitialised value was created by a stack allocation
==12240==    at 0x10908F: check_words (spell.c:101)
==12240== 
==12240== 
==12240== 1 errors in context 2 of 10:
==12240== Conditional jump or move depends on uninitialised value(s)
==12240==    at 0x4EC7A65: _IO_file_xsputn@@GLIBC_2.2.5 (fileops.c:1241)
==12240==    by 0x4EBCA8E: puts (ioputs.c:40)
==12240==    by 0x1099DF: main (in /home/neil/ApplicationSecurity/ApplicationSecurityAssignment1/spell_check)
==12240==  Uninitialised value was created by a stack allocation
==12240==    at 0x10908F: check_words (spell.c:101)
==12240== 
==12240== 
==12240== 1 errors in context 3 of 10:
==12240== Conditional jump or move depends on uninitialised value(s)
==12240==    at 0x4C32D08: strlen (in /usr/lib/valgrind/vgpreload_memcheck-amd64-linux.so)
==12240==    by 0x4EBC9D1: puts (ioputs.c:35)
==12240==    by 0x1099DF: main (in /home/neil/ApplicationSecurity/ApplicationSecurityAssignment1/spell_check)
==12240==  Uninitialised value was created by a stack allocation
==12240==    at 0x10908F: check_words (spell.c:101)
==12240== 
==12240== 
==12240== 1 errors in context 4 of 10:
==12240== Conditional jump or move depends on uninitialised value(s)
==12240==    at 0x4ECA497: _IO_default_xsputn (genops.c:417)
==12240==    by 0x4E98FEA: vfprintf (vfprintf.c:1643)
==12240==    by 0x4EC490F: vsnprintf (vsnprintf.c:114)
==12240==    by 0x4EA0FDE: snprintf (snprintf.c:33)
==12240==    by 0x1092D5: check_words (spell.c:144)
==12240==    by 0x1099A9: main (in /home/neil/ApplicationSecurity/ApplicationSecurityAssignment1/spell_check)
==12240==  Uninitialised value was created by a stack allocation
==12240==    at 0x10908F: check_words (spell.c:101)
==12240== 
==12240== 
==12240== 3 errors in context 5 of 10:
==12240== Conditional jump or move depends on uninitialised value(s)
==12240==    at 0x4C32D08: strlen (in /usr/lib/valgrind/vgpreload_memcheck-amd64-linux.so)
==12240==    by 0x4E994D2: vfprintf (vfprintf.c:1643)
==12240==    by 0x4EC490F: vsnprintf (vsnprintf.c:114)
==12240==    by 0x4EA0FDE: snprintf (snprintf.c:33)
==12240==    by 0x1092D5: check_words (spell.c:144)
==12240==    by 0x1099A9: main (in /home/neil/ApplicationSecurity/ApplicationSecurityAssignment1/spell_check)
==12240==  Uninitialised value was created by a stack allocation
==12240==    at 0x10908F: check_words (spell.c:101)
==12240== 
==12240== 
==12240== 3 errors in context 6 of 10:
==12240== Conditional jump or move depends on uninitialised value(s)
==12240==    at 0x4C32D08: strlen (in /usr/lib/valgrind/vgpreload_memcheck-amd64-linux.so)
==12240==    by 0x10929A: check_words (spell.c:144)
==12240==    by 0x1099A9: main (in /home/neil/ApplicationSecurity/ApplicationSecurityAssignment1/spell_check)
==12240==  Uninitialised value was created by a stack allocation
==12240==    at 0x10908F: check_words (spell.c:101)
==12240== 
==12240== 
==12240== 3 errors in context 7 of 10:
==12240== Conditional jump or move depends on uninitialised value(s)
==12240==    at 0x4C32D08: strlen (in /usr/lib/valgrind/vgpreload_memcheck-amd64-linux.so)
==12240==    by 0x109242: check_words (spell.c:142)
==12240==    by 0x1099A9: main (in /home/neil/ApplicationSecurity/ApplicationSecurityAssignment1/spell_check)
==12240==  Uninitialised value was created by a stack allocation
==12240==    at 0x10908F: check_words (spell.c:101)
==12240== 
==12240== ERROR SUMMARY: 16 errors from 10 contexts (suppressed: 0 from 0)
