==9422== Memcheck, a memory error detector
==9422== Copyright (C) 2002-2017, and GNU GPL'd, by Julian Seward et al.
==9422== Using Valgrind-3.13.0 and LibVEX; rerun with -h for copyright info
==9422== Command: ./spell_check test1.txt wordlist.txt
==9422== Parent PID: 2416
==9422== 
--9422-- 
--9422-- Valgrind options:
--9422--    --tool=memcheck
--9422--    --leak-check=full
--9422--    --show-leak-kinds=all
--9422--    --log-file=valgrind/run11.log
--9422--    -v
--9422--    --track-origins=yes
--9422-- Contents of /proc/version:
--9422--   Linux version 5.0.0-29-generic (buildd@lgw01-amd64-039) (gcc version 7.4.0 (Ubuntu 7.4.0-1ubuntu1~18.04.1)) #31~18.04.1-Ubuntu SMP Thu Sep 12 18:29:21 UTC 2019
--9422-- 
--9422-- Arch and hwcaps: AMD64, LittleEndian, amd64-cx16-lzcnt-rdtscp-sse3-avx-avx2
--9422-- Page sizes: currently 4096, max supported 4096
--9422-- Valgrind library directory: /usr/lib/valgrind
--9422-- Reading syms from /home/neil/ApplicationSecurity/ApplicationSecurityAssignment1/spell_check
--9422-- Reading syms from /lib/x86_64-linux-gnu/ld-2.27.so
--9422--   Considering /lib/x86_64-linux-gnu/ld-2.27.so ..
--9422--   .. CRC mismatch (computed 1b7c895e wanted 2943108a)
--9422--   Considering /usr/lib/debug/lib/x86_64-linux-gnu/ld-2.27.so ..
--9422--   .. CRC is valid
--9422-- Reading syms from /usr/lib/valgrind/memcheck-amd64-linux
--9422--   Considering /usr/lib/valgrind/memcheck-amd64-linux ..
--9422--   .. CRC mismatch (computed c25f395c wanted 0a9602a8)
--9422--    object doesn't have a symbol table
--9422--    object doesn't have a dynamic symbol table
--9422-- Scheduler: using generic scheduler lock implementation.
--9422-- Reading suppressions file: /usr/lib/valgrind/default.supp
==9422== embedded gdbserver: reading from /tmp/vgdb-pipe-from-vgdb-to-9422-by-neil-on-???
==9422== embedded gdbserver: writing to   /tmp/vgdb-pipe-to-vgdb-from-9422-by-neil-on-???
==9422== embedded gdbserver: shared mem   /tmp/vgdb-pipe-shared-mem-vgdb-9422-by-neil-on-???
==9422== 
==9422== TO CONTROL THIS PROCESS USING vgdb (which you probably
==9422== don't want to do, unless you know exactly what you're doing,
==9422== or are doing some strange experiment):
==9422==   /usr/lib/valgrind/../../bin/vgdb --pid=9422 ...command...
==9422== 
==9422== TO DEBUG THIS PROCESS USING GDB: start GDB like this
==9422==   /path/to/gdb ./spell_check
==9422== and then give GDB the following command
==9422==   target remote | /usr/lib/valgrind/../../bin/vgdb --pid=9422
==9422== --pid is optional if only one valgrind process is running
==9422== 
--9422-- REDIR: 0x401f2f0 (ld-linux-x86-64.so.2:strlen) redirected to 0x58060901 (???)
--9422-- REDIR: 0x401f0d0 (ld-linux-x86-64.so.2:index) redirected to 0x5806091b (???)
--9422-- Reading syms from /usr/lib/valgrind/vgpreload_core-amd64-linux.so
--9422--   Considering /usr/lib/valgrind/vgpreload_core-amd64-linux.so ..
--9422--   .. CRC mismatch (computed 4b63d83e wanted 670599e6)
--9422--    object doesn't have a symbol table
--9422-- Reading syms from /usr/lib/valgrind/vgpreload_memcheck-amd64-linux.so
--9422--   Considering /usr/lib/valgrind/vgpreload_memcheck-amd64-linux.so ..
--9422--   .. CRC mismatch (computed a4b37bee wanted 8ad4dc94)
--9422--    object doesn't have a symbol table
==9422== WARNING: new redirection conflicts with existing -- ignoring it
--9422--     old: 0x0401f2f0 (strlen              ) R-> (0000.0) 0x58060901 ???
--9422--     new: 0x0401f2f0 (strlen              ) R-> (2007.0) 0x04c32db0 strlen
--9422-- REDIR: 0x401d360 (ld-linux-x86-64.so.2:strcmp) redirected to 0x4c33ee0 (strcmp)
--9422-- REDIR: 0x401f830 (ld-linux-x86-64.so.2:mempcpy) redirected to 0x4c374f0 (mempcpy)
--9422-- Reading syms from /lib/x86_64-linux-gnu/libc-2.27.so
--9422--   Considering /lib/x86_64-linux-gnu/libc-2.27.so ..
--9422--   .. CRC mismatch (computed b1c74187 wanted 042cc048)
--9422--   Considering /usr/lib/debug/lib/x86_64-linux-gnu/libc-2.27.so ..
--9422--   .. CRC is valid
--9422-- REDIR: 0x4edac70 (libc.so.6:memmove) redirected to 0x4a2a6e0 (_vgnU_ifunc_wrapper)
--9422-- REDIR: 0x4ed9d40 (libc.so.6:strncpy) redirected to 0x4a2a6e0 (_vgnU_ifunc_wrapper)
--9422-- REDIR: 0x4edaf50 (libc.so.6:strcasecmp) redirected to 0x4a2a6e0 (_vgnU_ifunc_wrapper)
--9422-- REDIR: 0x4ed9790 (libc.so.6:strcat) redirected to 0x4a2a6e0 (_vgnU_ifunc_wrapper)
--9422-- REDIR: 0x4ed9d70 (libc.so.6:rindex) redirected to 0x4a2a6e0 (_vgnU_ifunc_wrapper)
--9422-- REDIR: 0x4edc7c0 (libc.so.6:rawmemchr) redirected to 0x4a2a6e0 (_vgnU_ifunc_wrapper)
--9422-- REDIR: 0x4edade0 (libc.so.6:mempcpy) redirected to 0x4a2a6e0 (_vgnU_ifunc_wrapper)
--9422-- REDIR: 0x4edac10 (libc.so.6:bcmp) redirected to 0x4a2a6e0 (_vgnU_ifunc_wrapper)
--9422-- REDIR: 0x4ed9d00 (libc.so.6:strncmp) redirected to 0x4a2a6e0 (_vgnU_ifunc_wrapper)
--9422-- REDIR: 0x4ed9800 (libc.so.6:strcmp) redirected to 0x4a2a6e0 (_vgnU_ifunc_wrapper)
--9422-- REDIR: 0x4edad40 (libc.so.6:memset) redirected to 0x4a2a6e0 (_vgnU_ifunc_wrapper)
--9422-- REDIR: 0x4ef80f0 (libc.so.6:wcschr) redirected to 0x4a2a6e0 (_vgnU_ifunc_wrapper)
--9422-- REDIR: 0x4ed9ca0 (libc.so.6:strnlen) redirected to 0x4a2a6e0 (_vgnU_ifunc_wrapper)
--9422-- REDIR: 0x4ed9870 (libc.so.6:strcspn) redirected to 0x4a2a6e0 (_vgnU_ifunc_wrapper)
--9422-- REDIR: 0x4edafa0 (libc.so.6:strncasecmp) redirected to 0x4a2a6e0 (_vgnU_ifunc_wrapper)
--9422-- REDIR: 0x4ed9840 (libc.so.6:strcpy) redirected to 0x4a2a6e0 (_vgnU_ifunc_wrapper)
--9422-- REDIR: 0x4edb0e0 (libc.so.6:memcpy@@GLIBC_2.14) redirected to 0x4a2a6e0 (_vgnU_ifunc_wrapper)
--9422-- REDIR: 0x4ed9da0 (libc.so.6:strpbrk) redirected to 0x4a2a6e0 (_vgnU_ifunc_wrapper)
--9422-- REDIR: 0x4ed97c0 (libc.so.6:index) redirected to 0x4a2a6e0 (_vgnU_ifunc_wrapper)
--9422-- REDIR: 0x4ed9c70 (libc.so.6:strlen) redirected to 0x4a2a6e0 (_vgnU_ifunc_wrapper)
--9422-- REDIR: 0x4ee46c0 (libc.so.6:memrchr) redirected to 0x4a2a6e0 (_vgnU_ifunc_wrapper)
--9422-- REDIR: 0x4edaff0 (libc.so.6:strcasecmp_l) redirected to 0x4a2a6e0 (_vgnU_ifunc_wrapper)
--9422-- REDIR: 0x4edabe0 (libc.so.6:memchr) redirected to 0x4a2a6e0 (_vgnU_ifunc_wrapper)
--9422-- REDIR: 0x4ef8eb0 (libc.so.6:wcslen) redirected to 0x4a2a6e0 (_vgnU_ifunc_wrapper)
--9422-- REDIR: 0x4eda050 (libc.so.6:strspn) redirected to 0x4a2a6e0 (_vgnU_ifunc_wrapper)
--9422-- REDIR: 0x4edaf20 (libc.so.6:stpncpy) redirected to 0x4a2a6e0 (_vgnU_ifunc_wrapper)
--9422-- REDIR: 0x4edaef0 (libc.so.6:stpcpy) redirected to 0x4a2a6e0 (_vgnU_ifunc_wrapper)
--9422-- REDIR: 0x4edc7f0 (libc.so.6:strchrnul) redirected to 0x4a2a6e0 (_vgnU_ifunc_wrapper)
--9422-- REDIR: 0x4edb040 (libc.so.6:strncasecmp_l) redirected to 0x4a2a6e0 (_vgnU_ifunc_wrapper)
--9422-- REDIR: 0x4fca3c0 (libc.so.6:__strrchr_avx2) redirected to 0x4c32730 (rindex)
--9422-- REDIR: 0x4ed3070 (libc.so.6:malloc) redirected to 0x4c2faa0 (malloc)
--9422-- REDIR: 0x4eda590 (libc.so.6:__GI_strstr) redirected to 0x4c37760 (__strstr_sse2)
--9422-- REDIR: 0x4fc6420 (libc.so.6:__memchr_avx2) redirected to 0x4c33f80 (memchr)
--9422-- REDIR: 0x4fcaad0 (libc.so.6:__memcpy_avx_unaligned_erms) redirected to 0x4c366e0 (memmove)
--9422-- REDIR: 0x4fca590 (libc.so.6:__strlen_avx2) redirected to 0x4c32cf0 (strlen)
--9422-- REDIR: 0x4fca1d0 (libc.so.6:__strchrnul_avx2) redirected to 0x4c37020 (strchrnul)
--9422-- REDIR: 0x4fcaab0 (libc.so.6:__mempcpy_avx_unaligned_erms) redirected to 0x4c37130 (mempcpy)
--9422-- REDIR: 0x4ed3950 (libc.so.6:free) redirected to 0x4c30cd0 (free)
--9422-- REDIR: 0x4fc1510 (libc.so.6:__strncmp_sse42) redirected to 0x4c33570 (__strncmp_sse42)
==9422== 
==9422== HEAP SUMMARY:
==9422==     in use at exit: 6,895,336 bytes in 123,131 blocks
==9422==   total heap usage: 123,158 allocs, 27 frees, 6,905,759 bytes allocated
==9422== 
==9422== Searching for pointers to 123,131 not-freed blocks
==9422== Checked 82,312 bytes
==9422== 
==9422== 6,795,488 bytes in 121,348 blocks are indirectly lost in loss record 1 of 2
==9422==    at 0x4C2FB0F: malloc (in /usr/lib/valgrind/vgpreload_memcheck-amd64-linux.so)
==9422==    by 0x109563: load_dictionary (spell.c:209)
==9422==    by 0x109790: main (main.c:16)
==9422== 
==9422== 6,895,336 (99,848 direct, 6,795,488 indirect) bytes in 1,783 blocks are definitely lost in loss record 2 of 2
==9422==    at 0x4C2FB0F: malloc (in /usr/lib/valgrind/vgpreload_memcheck-amd64-linux.so)
==9422==    by 0x1095D0: load_dictionary (spell.c:215)
==9422==    by 0x109790: main (main.c:16)
==9422== 
==9422== LEAK SUMMARY:
==9422==    definitely lost: 99,848 bytes in 1,783 blocks
==9422==    indirectly lost: 6,795,488 bytes in 121,348 blocks
==9422==      possibly lost: 0 bytes in 0 blocks
==9422==    still reachable: 0 bytes in 0 blocks
==9422==         suppressed: 0 bytes in 0 blocks
==9422== 
==9422== ERROR SUMMARY: 1 errors from 1 contexts (suppressed: 0 from 0)
==9422== ERROR SUMMARY: 1 errors from 1 contexts (suppressed: 0 from 0)
