==10700== Memcheck, a memory error detector
==10700== Copyright (C) 2002-2017, and GNU GPL'd, by Julian Seward et al.
==10700== Using Valgrind-3.13.0 and LibVEX; rerun with -h for copyright info
==10700== Command: ./spell_check test7.txt wordlist.txt
==10700== Parent PID: 8714
==10700== 
--10700-- 
--10700-- Valgrind options:
--10700--    --tool=memcheck
--10700--    --log-file=valgrind/run15.log
--10700--    --leak-check=full
--10700--    -v
--10700--    --track-origins=yes
--10700-- Contents of /proc/version:
--10700--   Linux version 5.0.0-29-generic (buildd@lgw01-amd64-039) (gcc version 7.4.0 (Ubuntu 7.4.0-1ubuntu1~18.04.1)) #31~18.04.1-Ubuntu SMP Thu Sep 12 18:29:21 UTC 2019
--10700-- 
--10700-- Arch and hwcaps: AMD64, LittleEndian, amd64-cx16-lzcnt-rdtscp-sse3-avx-avx2
--10700-- Page sizes: currently 4096, max supported 4096
--10700-- Valgrind library directory: /usr/lib/valgrind
--10700-- Reading syms from /home/neil/ApplicationSecurity/ApplicationSecurityAssignment1/spell_check
--10700-- Reading syms from /lib/x86_64-linux-gnu/ld-2.27.so
--10700--   Considering /lib/x86_64-linux-gnu/ld-2.27.so ..
--10700--   .. CRC mismatch (computed 1b7c895e wanted 2943108a)
--10700--   Considering /usr/lib/debug/lib/x86_64-linux-gnu/ld-2.27.so ..
--10700--   .. CRC is valid
--10700-- Reading syms from /usr/lib/valgrind/memcheck-amd64-linux
--10700--   Considering /usr/lib/valgrind/memcheck-amd64-linux ..
--10700--   .. CRC mismatch (computed c25f395c wanted 0a9602a8)
--10700--    object doesn't have a symbol table
--10700--    object doesn't have a dynamic symbol table
--10700-- Scheduler: using generic scheduler lock implementation.
--10700-- Reading suppressions file: /usr/lib/valgrind/default.supp
==10700== embedded gdbserver: reading from /tmp/vgdb-pipe-from-vgdb-to-10700-by-neil-on-???
==10700== embedded gdbserver: writing to   /tmp/vgdb-pipe-to-vgdb-from-10700-by-neil-on-???
==10700== embedded gdbserver: shared mem   /tmp/vgdb-pipe-shared-mem-vgdb-10700-by-neil-on-???
==10700== 
==10700== TO CONTROL THIS PROCESS USING vgdb (which you probably
==10700== don't want to do, unless you know exactly what you're doing,
==10700== or are doing some strange experiment):
==10700==   /usr/lib/valgrind/../../bin/vgdb --pid=10700 ...command...
==10700== 
==10700== TO DEBUG THIS PROCESS USING GDB: start GDB like this
==10700==   /path/to/gdb ./spell_check
==10700== and then give GDB the following command
==10700==   target remote | /usr/lib/valgrind/../../bin/vgdb --pid=10700
==10700== --pid is optional if only one valgrind process is running
==10700== 
--10700-- REDIR: 0x401f2f0 (ld-linux-x86-64.so.2:strlen) redirected to 0x58060901 (???)
--10700-- REDIR: 0x401f0d0 (ld-linux-x86-64.so.2:index) redirected to 0x5806091b (???)
--10700-- Reading syms from /usr/lib/valgrind/vgpreload_core-amd64-linux.so
--10700--   Considering /usr/lib/valgrind/vgpreload_core-amd64-linux.so ..
--10700--   .. CRC mismatch (computed 4b63d83e wanted 670599e6)
--10700--    object doesn't have a symbol table
--10700-- Reading syms from /usr/lib/valgrind/vgpreload_memcheck-amd64-linux.so
--10700--   Considering /usr/lib/valgrind/vgpreload_memcheck-amd64-linux.so ..
--10700--   .. CRC mismatch (computed a4b37bee wanted 8ad4dc94)
--10700--    object doesn't have a symbol table
==10700== WARNING: new redirection conflicts with existing -- ignoring it
--10700--     old: 0x0401f2f0 (strlen              ) R-> (0000.0) 0x58060901 ???
--10700--     new: 0x0401f2f0 (strlen              ) R-> (2007.0) 0x04c32db0 strlen
--10700-- REDIR: 0x401d360 (ld-linux-x86-64.so.2:strcmp) redirected to 0x4c33ee0 (strcmp)
--10700-- REDIR: 0x401f830 (ld-linux-x86-64.so.2:mempcpy) redirected to 0x4c374f0 (mempcpy)
--10700-- Reading syms from /lib/x86_64-linux-gnu/libc-2.27.so
--10700--   Considering /lib/x86_64-linux-gnu/libc-2.27.so ..
--10700--   .. CRC mismatch (computed b1c74187 wanted 042cc048)
--10700--   Considering /usr/lib/debug/lib/x86_64-linux-gnu/libc-2.27.so ..
--10700--   .. CRC is valid
--10700-- REDIR: 0x4edac70 (libc.so.6:memmove) redirected to 0x4a2a6e0 (_vgnU_ifunc_wrapper)
--10700-- REDIR: 0x4ed9d40 (libc.so.6:strncpy) redirected to 0x4a2a6e0 (_vgnU_ifunc_wrapper)
--10700-- REDIR: 0x4edaf50 (libc.so.6:strcasecmp) redirected to 0x4a2a6e0 (_vgnU_ifunc_wrapper)
--10700-- REDIR: 0x4ed9790 (libc.so.6:strcat) redirected to 0x4a2a6e0 (_vgnU_ifunc_wrapper)
--10700-- REDIR: 0x4ed9d70 (libc.so.6:rindex) redirected to 0x4a2a6e0 (_vgnU_ifunc_wrapper)
--10700-- REDIR: 0x4edc7c0 (libc.so.6:rawmemchr) redirected to 0x4a2a6e0 (_vgnU_ifunc_wrapper)
--10700-- REDIR: 0x4edade0 (libc.so.6:mempcpy) redirected to 0x4a2a6e0 (_vgnU_ifunc_wrapper)
--10700-- REDIR: 0x4edac10 (libc.so.6:bcmp) redirected to 0x4a2a6e0 (_vgnU_ifunc_wrapper)
--10700-- REDIR: 0x4ed9d00 (libc.so.6:strncmp) redirected to 0x4a2a6e0 (_vgnU_ifunc_wrapper)
--10700-- REDIR: 0x4ed9800 (libc.so.6:strcmp) redirected to 0x4a2a6e0 (_vgnU_ifunc_wrapper)
--10700-- REDIR: 0x4edad40 (libc.so.6:memset) redirected to 0x4a2a6e0 (_vgnU_ifunc_wrapper)
--10700-- REDIR: 0x4ef80f0 (libc.so.6:wcschr) redirected to 0x4a2a6e0 (_vgnU_ifunc_wrapper)
--10700-- REDIR: 0x4ed9ca0 (libc.so.6:strnlen) redirected to 0x4a2a6e0 (_vgnU_ifunc_wrapper)
--10700-- REDIR: 0x4ed9870 (libc.so.6:strcspn) redirected to 0x4a2a6e0 (_vgnU_ifunc_wrapper)
--10700-- REDIR: 0x4edafa0 (libc.so.6:strncasecmp) redirected to 0x4a2a6e0 (_vgnU_ifunc_wrapper)
--10700-- REDIR: 0x4ed9840 (libc.so.6:strcpy) redirected to 0x4a2a6e0 (_vgnU_ifunc_wrapper)
--10700-- REDIR: 0x4edb0e0 (libc.so.6:memcpy@@GLIBC_2.14) redirected to 0x4a2a6e0 (_vgnU_ifunc_wrapper)
--10700-- REDIR: 0x4ed9da0 (libc.so.6:strpbrk) redirected to 0x4a2a6e0 (_vgnU_ifunc_wrapper)
--10700-- REDIR: 0x4ed97c0 (libc.so.6:index) redirected to 0x4a2a6e0 (_vgnU_ifunc_wrapper)
--10700-- REDIR: 0x4ed9c70 (libc.so.6:strlen) redirected to 0x4a2a6e0 (_vgnU_ifunc_wrapper)
--10700-- REDIR: 0x4ee46c0 (libc.so.6:memrchr) redirected to 0x4a2a6e0 (_vgnU_ifunc_wrapper)
--10700-- REDIR: 0x4edaff0 (libc.so.6:strcasecmp_l) redirected to 0x4a2a6e0 (_vgnU_ifunc_wrapper)
--10700-- REDIR: 0x4edabe0 (libc.so.6:memchr) redirected to 0x4a2a6e0 (_vgnU_ifunc_wrapper)
--10700-- REDIR: 0x4ef8eb0 (libc.so.6:wcslen) redirected to 0x4a2a6e0 (_vgnU_ifunc_wrapper)
--10700-- REDIR: 0x4eda050 (libc.so.6:strspn) redirected to 0x4a2a6e0 (_vgnU_ifunc_wrapper)
--10700-- REDIR: 0x4edaf20 (libc.so.6:stpncpy) redirected to 0x4a2a6e0 (_vgnU_ifunc_wrapper)
--10700-- REDIR: 0x4edaef0 (libc.so.6:stpcpy) redirected to 0x4a2a6e0 (_vgnU_ifunc_wrapper)
--10700-- REDIR: 0x4edc7f0 (libc.so.6:strchrnul) redirected to 0x4a2a6e0 (_vgnU_ifunc_wrapper)
--10700-- REDIR: 0x4edb040 (libc.so.6:strncasecmp_l) redirected to 0x4a2a6e0 (_vgnU_ifunc_wrapper)
--10700-- REDIR: 0x4fca3c0 (libc.so.6:__strrchr_avx2) redirected to 0x4c32730 (rindex)
--10700-- REDIR: 0x4ed3070 (libc.so.6:malloc) redirected to 0x4c2faa0 (malloc)
--10700-- REDIR: 0x4eda590 (libc.so.6:__GI_strstr) redirected to 0x4c37760 (__strstr_sse2)
--10700-- REDIR: 0x4fc6420 (libc.so.6:__memchr_avx2) redirected to 0x4c33f80 (memchr)
--10700-- REDIR: 0x4fcaad0 (libc.so.6:__memcpy_avx_unaligned_erms) redirected to 0x4c366e0 (memmove)
--10700-- REDIR: 0x4fca590 (libc.so.6:__strlen_avx2) redirected to 0x4c32cf0 (strlen)
--10700-- REDIR: 0x4fca1d0 (libc.so.6:__strchrnul_avx2) redirected to 0x4c37020 (strchrnul)
--10700-- REDIR: 0x4fcaab0 (libc.so.6:__mempcpy_avx_unaligned_erms) redirected to 0x4c37130 (mempcpy)
--10700-- REDIR: 0x4ed3950 (libc.so.6:free) redirected to 0x4c30cd0 (free)
--10700-- REDIR: 0x4fc1510 (libc.so.6:__strncmp_sse42) redirected to 0x4c33570 (__strncmp_sse42)
--10700-- REDIR: 0x4ed6030 (libc.so.6:calloc) redirected to 0x4c31a70 (calloc)
==10700== Conditional jump or move depends on uninitialised value(s)
==10700==    at 0x4C32D08: strlen (in /usr/lib/valgrind/vgpreload_memcheck-amd64-linux.so)
==10700==    by 0x4E994D2: vfprintf (vfprintf.c:1643)
==10700==    by 0x4EC490F: vsnprintf (vsnprintf.c:114)
==10700==    by 0x4EA0FDE: snprintf (snprintf.c:33)
==10700==    by 0x109279: check_words (spell.c:142)
==10700==    by 0x10994D: main (in /home/neil/ApplicationSecurity/ApplicationSecurityAssignment1/spell_check)
==10700==  Uninitialised value was created by a stack allocation
==10700==    at 0x10908F: check_words (spell.c:101)
==10700== 
==10700== Conditional jump or move depends on uninitialised value(s)
==10700==    at 0x4ECA497: _IO_default_xsputn (genops.c:417)
==10700==    by 0x4E98FEA: vfprintf (vfprintf.c:1643)
==10700==    by 0x4EC490F: vsnprintf (vsnprintf.c:114)
==10700==    by 0x4EA0FDE: snprintf (snprintf.c:33)
==10700==    by 0x109279: check_words (spell.c:142)
==10700==    by 0x10994D: main (in /home/neil/ApplicationSecurity/ApplicationSecurityAssignment1/spell_check)
==10700==  Uninitialised value was created by a stack allocation
==10700==    at 0x10908F: check_words (spell.c:101)
==10700== 
==10700== 
==10700== HEAP SUMMARY:
==10700==     in use at exit: 6,895,388 bytes in 123,133 blocks
==10700==   total heap usage: 123,145 allocs, 12 frees, 6,905,742 bytes allocated
==10700== 
==10700== Searching for pointers to 123,133 not-freed blocks
==10700== Checked 82,312 bytes
==10700== 
==10700== 6 bytes in 1 blocks are definitely lost in loss record 1 of 4
==10700==    at 0x4C31B25: calloc (in /usr/lib/valgrind/vgpreload_memcheck-amd64-linux.so)
==10700==    by 0x1091BB: check_words (spell.c:135)
==10700==    by 0x10994D: main (in /home/neil/ApplicationSecurity/ApplicationSecurityAssignment1/spell_check)
==10700== 
==10700== 46 bytes in 1 blocks are definitely lost in loss record 2 of 4
==10700==    at 0x4C31B25: calloc (in /usr/lib/valgrind/vgpreload_memcheck-amd64-linux.so)
==10700==    by 0x109239: check_words (spell.c:141)
==10700==    by 0x10994D: main (in /home/neil/ApplicationSecurity/ApplicationSecurityAssignment1/spell_check)
==10700== 
==10700== 6,895,336 (99,848 direct, 6,795,488 indirect) bytes in 1,783 blocks are definitely lost in loss record 4 of 4
==10700==    at 0x4C2FB0F: malloc (in /usr/lib/valgrind/vgpreload_memcheck-amd64-linux.so)
==10700==    by 0x109772: load_dictionary (spell.c:260)
==10700==    by 0x10992D: main (in /home/neil/ApplicationSecurity/ApplicationSecurityAssignment1/spell_check)
==10700== 
==10700== LEAK SUMMARY:
==10700==    definitely lost: 99,900 bytes in 1,785 blocks
==10700==    indirectly lost: 6,795,488 bytes in 121,348 blocks
==10700==      possibly lost: 0 bytes in 0 blocks
==10700==    still reachable: 0 bytes in 0 blocks
==10700==         suppressed: 0 bytes in 0 blocks
==10700== 
==10700== ERROR SUMMARY: 8 errors from 5 contexts (suppressed: 0 from 0)
==10700== 
==10700== 2 errors in context 1 of 5:
==10700== Conditional jump or move depends on uninitialised value(s)
==10700==    at 0x4ECA497: _IO_default_xsputn (genops.c:417)
==10700==    by 0x4E98FEA: vfprintf (vfprintf.c:1643)
==10700==    by 0x4EC490F: vsnprintf (vsnprintf.c:114)
==10700==    by 0x4EA0FDE: snprintf (snprintf.c:33)
==10700==    by 0x109279: check_words (spell.c:142)
==10700==    by 0x10994D: main (in /home/neil/ApplicationSecurity/ApplicationSecurityAssignment1/spell_check)
==10700==  Uninitialised value was created by a stack allocation
==10700==    at 0x10908F: check_words (spell.c:101)
==10700== 
==10700== 
==10700== 3 errors in context 2 of 5:
==10700== Conditional jump or move depends on uninitialised value(s)
==10700==    at 0x4C32D08: strlen (in /usr/lib/valgrind/vgpreload_memcheck-amd64-linux.so)
==10700==    by 0x4E994D2: vfprintf (vfprintf.c:1643)
==10700==    by 0x4EC490F: vsnprintf (vsnprintf.c:114)
==10700==    by 0x4EA0FDE: snprintf (snprintf.c:33)
==10700==    by 0x109279: check_words (spell.c:142)
==10700==    by 0x10994D: main (in /home/neil/ApplicationSecurity/ApplicationSecurityAssignment1/spell_check)
==10700==  Uninitialised value was created by a stack allocation
==10700==    at 0x10908F: check_words (spell.c:101)
==10700== 
==10700== ERROR SUMMARY: 8 errors from 5 contexts (suppressed: 0 from 0)
