==13082== Memcheck, a memory error detector
==13082== Copyright (C) 2002-2017, and GNU GPL'd, by Julian Seward et al.
==13082== Using Valgrind-3.13.0 and LibVEX; rerun with -h for copyright info
==13082== Command: ./spell_check test7.txt wordlist.txt
==13082== Parent PID: 8714
==13082== 
--13082-- 
--13082-- Valgrind options:
--13082--    --tool=memcheck
--13082--    --log-file=valgrind/run21.log
--13082--    --leak-check=full
--13082--    -v
--13082--    --track-origins=yes
--13082-- Contents of /proc/version:
--13082--   Linux version 5.0.0-29-generic (buildd@lgw01-amd64-039) (gcc version 7.4.0 (Ubuntu 7.4.0-1ubuntu1~18.04.1)) #31~18.04.1-Ubuntu SMP Thu Sep 12 18:29:21 UTC 2019
--13082-- 
--13082-- Arch and hwcaps: AMD64, LittleEndian, amd64-cx16-lzcnt-rdtscp-sse3-avx-avx2
--13082-- Page sizes: currently 4096, max supported 4096
--13082-- Valgrind library directory: /usr/lib/valgrind
--13082-- Reading syms from /home/neil/ApplicationSecurity/ApplicationSecurityAssignment1/spell_check
--13082-- Reading syms from /lib/x86_64-linux-gnu/ld-2.27.so
--13082--   Considering /lib/x86_64-linux-gnu/ld-2.27.so ..
--13082--   .. CRC mismatch (computed 1b7c895e wanted 2943108a)
--13082--   Considering /usr/lib/debug/lib/x86_64-linux-gnu/ld-2.27.so ..
--13082--   .. CRC is valid
--13082-- Reading syms from /usr/lib/valgrind/memcheck-amd64-linux
--13082--   Considering /usr/lib/valgrind/memcheck-amd64-linux ..
--13082--   .. CRC mismatch (computed c25f395c wanted 0a9602a8)
--13082--    object doesn't have a symbol table
--13082--    object doesn't have a dynamic symbol table
--13082-- Scheduler: using generic scheduler lock implementation.
--13082-- Reading suppressions file: /usr/lib/valgrind/default.supp
==13082== embedded gdbserver: reading from /tmp/vgdb-pipe-from-vgdb-to-13082-by-neil-on-???
==13082== embedded gdbserver: writing to   /tmp/vgdb-pipe-to-vgdb-from-13082-by-neil-on-???
==13082== embedded gdbserver: shared mem   /tmp/vgdb-pipe-shared-mem-vgdb-13082-by-neil-on-???
==13082== 
==13082== TO CONTROL THIS PROCESS USING vgdb (which you probably
==13082== don't want to do, unless you know exactly what you're doing,
==13082== or are doing some strange experiment):
==13082==   /usr/lib/valgrind/../../bin/vgdb --pid=13082 ...command...
==13082== 
==13082== TO DEBUG THIS PROCESS USING GDB: start GDB like this
==13082==   /path/to/gdb ./spell_check
==13082== and then give GDB the following command
==13082==   target remote | /usr/lib/valgrind/../../bin/vgdb --pid=13082
==13082== --pid is optional if only one valgrind process is running
==13082== 
--13082-- REDIR: 0x401f2f0 (ld-linux-x86-64.so.2:strlen) redirected to 0x58060901 (???)
--13082-- REDIR: 0x401f0d0 (ld-linux-x86-64.so.2:index) redirected to 0x5806091b (???)
--13082-- Reading syms from /usr/lib/valgrind/vgpreload_core-amd64-linux.so
--13082--   Considering /usr/lib/valgrind/vgpreload_core-amd64-linux.so ..
--13082--   .. CRC mismatch (computed 4b63d83e wanted 670599e6)
--13082--    object doesn't have a symbol table
--13082-- Reading syms from /usr/lib/valgrind/vgpreload_memcheck-amd64-linux.so
--13082--   Considering /usr/lib/valgrind/vgpreload_memcheck-amd64-linux.so ..
--13082--   .. CRC mismatch (computed a4b37bee wanted 8ad4dc94)
--13082--    object doesn't have a symbol table
==13082== WARNING: new redirection conflicts with existing -- ignoring it
--13082--     old: 0x0401f2f0 (strlen              ) R-> (0000.0) 0x58060901 ???
--13082--     new: 0x0401f2f0 (strlen              ) R-> (2007.0) 0x04c32db0 strlen
--13082-- REDIR: 0x401d360 (ld-linux-x86-64.so.2:strcmp) redirected to 0x4c33ee0 (strcmp)
--13082-- REDIR: 0x401f830 (ld-linux-x86-64.so.2:mempcpy) redirected to 0x4c374f0 (mempcpy)
--13082-- Reading syms from /lib/x86_64-linux-gnu/libc-2.27.so
--13082--   Considering /lib/x86_64-linux-gnu/libc-2.27.so ..
--13082--   .. CRC mismatch (computed b1c74187 wanted 042cc048)
--13082--   Considering /usr/lib/debug/lib/x86_64-linux-gnu/libc-2.27.so ..
--13082--   .. CRC is valid
--13082-- REDIR: 0x4edac70 (libc.so.6:memmove) redirected to 0x4a2a6e0 (_vgnU_ifunc_wrapper)
--13082-- REDIR: 0x4ed9d40 (libc.so.6:strncpy) redirected to 0x4a2a6e0 (_vgnU_ifunc_wrapper)
--13082-- REDIR: 0x4edaf50 (libc.so.6:strcasecmp) redirected to 0x4a2a6e0 (_vgnU_ifunc_wrapper)
--13082-- REDIR: 0x4ed9790 (libc.so.6:strcat) redirected to 0x4a2a6e0 (_vgnU_ifunc_wrapper)
--13082-- REDIR: 0x4ed9d70 (libc.so.6:rindex) redirected to 0x4a2a6e0 (_vgnU_ifunc_wrapper)
--13082-- REDIR: 0x4edc7c0 (libc.so.6:rawmemchr) redirected to 0x4a2a6e0 (_vgnU_ifunc_wrapper)
--13082-- REDIR: 0x4edade0 (libc.so.6:mempcpy) redirected to 0x4a2a6e0 (_vgnU_ifunc_wrapper)
--13082-- REDIR: 0x4edac10 (libc.so.6:bcmp) redirected to 0x4a2a6e0 (_vgnU_ifunc_wrapper)
--13082-- REDIR: 0x4ed9d00 (libc.so.6:strncmp) redirected to 0x4a2a6e0 (_vgnU_ifunc_wrapper)
--13082-- REDIR: 0x4ed9800 (libc.so.6:strcmp) redirected to 0x4a2a6e0 (_vgnU_ifunc_wrapper)
--13082-- REDIR: 0x4edad40 (libc.so.6:memset) redirected to 0x4a2a6e0 (_vgnU_ifunc_wrapper)
--13082-- REDIR: 0x4ef80f0 (libc.so.6:wcschr) redirected to 0x4a2a6e0 (_vgnU_ifunc_wrapper)
--13082-- REDIR: 0x4ed9ca0 (libc.so.6:strnlen) redirected to 0x4a2a6e0 (_vgnU_ifunc_wrapper)
--13082-- REDIR: 0x4ed9870 (libc.so.6:strcspn) redirected to 0x4a2a6e0 (_vgnU_ifunc_wrapper)
--13082-- REDIR: 0x4edafa0 (libc.so.6:strncasecmp) redirected to 0x4a2a6e0 (_vgnU_ifunc_wrapper)
--13082-- REDIR: 0x4ed9840 (libc.so.6:strcpy) redirected to 0x4a2a6e0 (_vgnU_ifunc_wrapper)
--13082-- REDIR: 0x4edb0e0 (libc.so.6:memcpy@@GLIBC_2.14) redirected to 0x4a2a6e0 (_vgnU_ifunc_wrapper)
--13082-- REDIR: 0x4ed9da0 (libc.so.6:strpbrk) redirected to 0x4a2a6e0 (_vgnU_ifunc_wrapper)
--13082-- REDIR: 0x4ed97c0 (libc.so.6:index) redirected to 0x4a2a6e0 (_vgnU_ifunc_wrapper)
--13082-- REDIR: 0x4ed9c70 (libc.so.6:strlen) redirected to 0x4a2a6e0 (_vgnU_ifunc_wrapper)
--13082-- REDIR: 0x4ee46c0 (libc.so.6:memrchr) redirected to 0x4a2a6e0 (_vgnU_ifunc_wrapper)
--13082-- REDIR: 0x4edaff0 (libc.so.6:strcasecmp_l) redirected to 0x4a2a6e0 (_vgnU_ifunc_wrapper)
--13082-- REDIR: 0x4edabe0 (libc.so.6:memchr) redirected to 0x4a2a6e0 (_vgnU_ifunc_wrapper)
--13082-- REDIR: 0x4ef8eb0 (libc.so.6:wcslen) redirected to 0x4a2a6e0 (_vgnU_ifunc_wrapper)
--13082-- REDIR: 0x4eda050 (libc.so.6:strspn) redirected to 0x4a2a6e0 (_vgnU_ifunc_wrapper)
--13082-- REDIR: 0x4edaf20 (libc.so.6:stpncpy) redirected to 0x4a2a6e0 (_vgnU_ifunc_wrapper)
--13082-- REDIR: 0x4edaef0 (libc.so.6:stpcpy) redirected to 0x4a2a6e0 (_vgnU_ifunc_wrapper)
--13082-- REDIR: 0x4edc7f0 (libc.so.6:strchrnul) redirected to 0x4a2a6e0 (_vgnU_ifunc_wrapper)
--13082-- REDIR: 0x4edb040 (libc.so.6:strncasecmp_l) redirected to 0x4a2a6e0 (_vgnU_ifunc_wrapper)
--13082-- REDIR: 0x4fca3c0 (libc.so.6:__strrchr_avx2) redirected to 0x4c32730 (rindex)
--13082-- REDIR: 0x4ed3070 (libc.so.6:malloc) redirected to 0x4c2faa0 (malloc)
--13082-- REDIR: 0x4eda590 (libc.so.6:__GI_strstr) redirected to 0x4c37760 (__strstr_sse2)
--13082-- REDIR: 0x4fc6420 (libc.so.6:__memchr_avx2) redirected to 0x4c33f80 (memchr)
--13082-- REDIR: 0x4fcaad0 (libc.so.6:__memcpy_avx_unaligned_erms) redirected to 0x4c366e0 (memmove)
--13082-- REDIR: 0x4fca590 (libc.so.6:__strlen_avx2) redirected to 0x4c32cf0 (strlen)
--13082-- REDIR: 0x4fca1d0 (libc.so.6:__strchrnul_avx2) redirected to 0x4c37020 (strchrnul)
--13082-- REDIR: 0x4fcaab0 (libc.so.6:__mempcpy_avx_unaligned_erms) redirected to 0x4c37130 (mempcpy)
--13082-- REDIR: 0x4ed3950 (libc.so.6:free) redirected to 0x4c30cd0 (free)
--13082-- REDIR: 0x4fc1510 (libc.so.6:__strncmp_sse42) redirected to 0x4c33570 (__strncmp_sse42)
--13082-- REDIR: 0x4fcaf50 (libc.so.6:__memset_avx2_unaligned_erms) redirected to 0x4c365d0 (memset)
==13082== Conditional jump or move depends on uninitialised value(s)
==13082==    at 0x4C32D08: strlen (in /usr/lib/valgrind/vgpreload_memcheck-amd64-linux.so)
==13082==    by 0x109240: check_words (spell.c:142)
==13082==    by 0x1099B4: main (main.c:27)
==13082==  Uninitialised value was created by a stack allocation
==13082==    at 0x10908F: check_words (spell.c:101)
==13082== 
==13082== Conditional jump or move depends on uninitialised value(s)
==13082==    at 0x4C32D08: strlen (in /usr/lib/valgrind/vgpreload_memcheck-amd64-linux.so)
==13082==    by 0x10926F: check_words (spell.c:143)
==13082==    by 0x1099B4: main (main.c:27)
==13082==  Uninitialised value was created by a stack allocation
==13082==    at 0x10908F: check_words (spell.c:101)
==13082== 
==13082== Conditional jump or move depends on uninitialised value(s)
==13082==    at 0x4C32D08: strlen (in /usr/lib/valgrind/vgpreload_memcheck-amd64-linux.so)
==13082==    by 0x1092A5: check_words (spell.c:144)
==13082==    by 0x1099B4: main (main.c:27)
==13082==  Uninitialised value was created by a stack allocation
==13082==    at 0x10908F: check_words (spell.c:101)
==13082== 
==13082== Conditional jump or move depends on uninitialised value(s)
==13082==    at 0x4C32D08: strlen (in /usr/lib/valgrind/vgpreload_memcheck-amd64-linux.so)
==13082==    by 0x4E994D2: vfprintf (vfprintf.c:1643)
==13082==    by 0x4EC490F: vsnprintf (vsnprintf.c:114)
==13082==    by 0x4EA0FDE: snprintf (snprintf.c:33)
==13082==    by 0x1092E0: check_words (spell.c:144)
==13082==    by 0x1099B4: main (main.c:27)
==13082==  Uninitialised value was created by a stack allocation
==13082==    at 0x10908F: check_words (spell.c:101)
==13082== 
==13082== Conditional jump or move depends on uninitialised value(s)
==13082==    at 0x4ECA497: _IO_default_xsputn (genops.c:417)
==13082==    by 0x4E98FEA: vfprintf (vfprintf.c:1643)
==13082==    by 0x4EC490F: vsnprintf (vsnprintf.c:114)
==13082==    by 0x4EA0FDE: snprintf (snprintf.c:33)
==13082==    by 0x1092E0: check_words (spell.c:144)
==13082==    by 0x1099B4: main (main.c:27)
==13082==  Uninitialised value was created by a stack allocation
==13082==    at 0x10908F: check_words (spell.c:101)
==13082== 
==13082== Conditional jump or move depends on uninitialised value(s)
==13082==    at 0x4C32D08: strlen (in /usr/lib/valgrind/vgpreload_memcheck-amd64-linux.so)
==13082==    by 0x4EBC9D1: puts (ioputs.c:35)
==13082==    by 0x1099EA: main (main.c:30)
==13082==  Uninitialised value was created by a stack allocation
==13082==    at 0x10908F: check_words (spell.c:101)
==13082== 
==13082== Conditional jump or move depends on uninitialised value(s)
==13082==    at 0x4EC7A65: _IO_file_xsputn@@GLIBC_2.2.5 (fileops.c:1241)
==13082==    by 0x4EBCA8E: puts (ioputs.c:40)
==13082==    by 0x1099EA: main (main.c:30)
==13082==  Uninitialised value was created by a stack allocation
==13082==    at 0x10908F: check_words (spell.c:101)
==13082== 
==13082== Syscall param write(buf) points to uninitialised byte(s)
==13082==    at 0x4F4C154: write (write.c:27)
==13082==    by 0x4EC71BC: _IO_file_write@@GLIBC_2.2.5 (fileops.c:1203)
==13082==    by 0x4EC8F50: new_do_write (fileops.c:457)
==13082==    by 0x4EC8F50: _IO_do_write@@GLIBC_2.2.5 (fileops.c:433)
==13082==    by 0x4EC9402: _IO_file_overflow@@GLIBC_2.2.5 (fileops.c:798)
==13082==    by 0x4EBCB61: puts (ioputs.c:41)
==13082==    by 0x1099EA: main (main.c:30)
==13082==  Address 0x61376fe is 46 bytes inside a block of size 1,024 alloc'd
==13082==    at 0x4C2FB0F: malloc (in /usr/lib/valgrind/vgpreload_memcheck-amd64-linux.so)
==13082==    by 0x4EBA18B: _IO_file_doallocate (filedoalloc.c:101)
==13082==    by 0x4ECA378: _IO_doallocbuf (genops.c:365)
==13082==    by 0x4EC9497: _IO_file_overflow@@GLIBC_2.2.5 (fileops.c:759)
==13082==    by 0x4EC79EC: _IO_file_xsputn@@GLIBC_2.2.5 (fileops.c:1266)
==13082==    by 0x4EBCA8E: puts (ioputs.c:40)
==13082==    by 0x1099C6: main (main.c:28)
==13082==  Uninitialised value was created by a stack allocation
==13082==    at 0x10908F: check_words (spell.c:101)
==13082== 
==13082== 
==13082== HEAP SUMMARY:
==13082==     in use at exit: 6,895,389 bytes in 123,133 blocks
==13082==   total heap usage: 123,145 allocs, 12 frees, 6,905,743 bytes allocated
==13082== 
==13082== Searching for pointers to 123,133 not-freed blocks
==13082== Checked 82,312 bytes
==13082== 
==13082== 5 bytes in 1 blocks are definitely lost in loss record 1 of 4
==13082==    at 0x4C2FB0F: malloc (in /usr/lib/valgrind/vgpreload_memcheck-amd64-linux.so)
==13082==    by 0x1091B3: check_words (spell.c:135)
==13082==    by 0x1099B4: main (main.c:27)
==13082== 
==13082== 48 bytes in 1 blocks are definitely lost in loss record 2 of 4
==13082==    at 0x4C2FB0F: malloc (in /usr/lib/valgrind/vgpreload_memcheck-amd64-linux.so)
==13082==    by 0x109260: check_words (spell.c:142)
==13082==    by 0x1099B4: main (main.c:27)
==13082== 
==13082== 6,895,336 (99,848 direct, 6,795,488 indirect) bytes in 1,783 blocks are definitely lost in loss record 4 of 4
==13082==    at 0x4C2FB0F: malloc (in /usr/lib/valgrind/vgpreload_memcheck-amd64-linux.so)
==13082==    by 0x1097D9: load_dictionary (spell.c:262)
==13082==    by 0x109994: main (main.c:25)
==13082== 
==13082== LEAK SUMMARY:
==13082==    definitely lost: 99,901 bytes in 1,785 blocks
==13082==    indirectly lost: 6,795,488 bytes in 121,348 blocks
==13082==      possibly lost: 0 bytes in 0 blocks
==13082==    still reachable: 0 bytes in 0 blocks
==13082==         suppressed: 0 bytes in 0 blocks
==13082== 
==13082== ERROR SUMMARY: 19 errors from 11 contexts (suppressed: 0 from 0)
==13082== 
==13082== 1 errors in context 1 of 11:
==13082== Syscall param write(buf) points to uninitialised byte(s)
==13082==    at 0x4F4C154: write (write.c:27)
==13082==    by 0x4EC71BC: _IO_file_write@@GLIBC_2.2.5 (fileops.c:1203)
==13082==    by 0x4EC8F50: new_do_write (fileops.c:457)
==13082==    by 0x4EC8F50: _IO_do_write@@GLIBC_2.2.5 (fileops.c:433)
==13082==    by 0x4EC9402: _IO_file_overflow@@GLIBC_2.2.5 (fileops.c:798)
==13082==    by 0x4EBCB61: puts (ioputs.c:41)
==13082==    by 0x1099EA: main (main.c:30)
==13082==  Address 0x61376fe is 46 bytes inside a block of size 1,024 alloc'd
==13082==    at 0x4C2FB0F: malloc (in /usr/lib/valgrind/vgpreload_memcheck-amd64-linux.so)
==13082==    by 0x4EBA18B: _IO_file_doallocate (filedoalloc.c:101)
==13082==    by 0x4ECA378: _IO_doallocbuf (genops.c:365)
==13082==    by 0x4EC9497: _IO_file_overflow@@GLIBC_2.2.5 (fileops.c:759)
==13082==    by 0x4EC79EC: _IO_file_xsputn@@GLIBC_2.2.5 (fileops.c:1266)
==13082==    by 0x4EBCA8E: puts (ioputs.c:40)
==13082==    by 0x1099C6: main (main.c:28)
==13082==  Uninitialised value was created by a stack allocation
==13082==    at 0x10908F: check_words (spell.c:101)
==13082== 
==13082== 
==13082== 1 errors in context 2 of 11:
==13082== Conditional jump or move depends on uninitialised value(s)
==13082==    at 0x4EC7A65: _IO_file_xsputn@@GLIBC_2.2.5 (fileops.c:1241)
==13082==    by 0x4EBCA8E: puts (ioputs.c:40)
==13082==    by 0x1099EA: main (main.c:30)
==13082==  Uninitialised value was created by a stack allocation
==13082==    at 0x10908F: check_words (spell.c:101)
==13082== 
==13082== 
==13082== 1 errors in context 3 of 11:
==13082== Conditional jump or move depends on uninitialised value(s)
==13082==    at 0x4C32D08: strlen (in /usr/lib/valgrind/vgpreload_memcheck-amd64-linux.so)
==13082==    by 0x4EBC9D1: puts (ioputs.c:35)
==13082==    by 0x1099EA: main (main.c:30)
==13082==  Uninitialised value was created by a stack allocation
==13082==    at 0x10908F: check_words (spell.c:101)
==13082== 
==13082== 
==13082== 1 errors in context 4 of 11:
==13082== Conditional jump or move depends on uninitialised value(s)
==13082==    at 0x4ECA497: _IO_default_xsputn (genops.c:417)
==13082==    by 0x4E98FEA: vfprintf (vfprintf.c:1643)
==13082==    by 0x4EC490F: vsnprintf (vsnprintf.c:114)
==13082==    by 0x4EA0FDE: snprintf (snprintf.c:33)
==13082==    by 0x1092E0: check_words (spell.c:144)
==13082==    by 0x1099B4: main (main.c:27)
==13082==  Uninitialised value was created by a stack allocation
==13082==    at 0x10908F: check_words (spell.c:101)
==13082== 
==13082== 
==13082== 3 errors in context 5 of 11:
==13082== Conditional jump or move depends on uninitialised value(s)
==13082==    at 0x4C32D08: strlen (in /usr/lib/valgrind/vgpreload_memcheck-amd64-linux.so)
==13082==    by 0x4E994D2: vfprintf (vfprintf.c:1643)
==13082==    by 0x4EC490F: vsnprintf (vsnprintf.c:114)
==13082==    by 0x4EA0FDE: snprintf (snprintf.c:33)
==13082==    by 0x1092E0: check_words (spell.c:144)
==13082==    by 0x1099B4: main (main.c:27)
==13082==  Uninitialised value was created by a stack allocation
==13082==    at 0x10908F: check_words (spell.c:101)
==13082== 
==13082== 
==13082== 3 errors in context 6 of 11:
==13082== Conditional jump or move depends on uninitialised value(s)
==13082==    at 0x4C32D08: strlen (in /usr/lib/valgrind/vgpreload_memcheck-amd64-linux.so)
==13082==    by 0x1092A5: check_words (spell.c:144)
==13082==    by 0x1099B4: main (main.c:27)
==13082==  Uninitialised value was created by a stack allocation
==13082==    at 0x10908F: check_words (spell.c:101)
==13082== 
==13082== 
==13082== 3 errors in context 7 of 11:
==13082== Conditional jump or move depends on uninitialised value(s)
==13082==    at 0x4C32D08: strlen (in /usr/lib/valgrind/vgpreload_memcheck-amd64-linux.so)
==13082==    by 0x10926F: check_words (spell.c:143)
==13082==    by 0x1099B4: main (main.c:27)
==13082==  Uninitialised value was created by a stack allocation
==13082==    at 0x10908F: check_words (spell.c:101)
==13082== 
==13082== 
==13082== 3 errors in context 8 of 11:
==13082== Conditional jump or move depends on uninitialised value(s)
==13082==    at 0x4C32D08: strlen (in /usr/lib/valgrind/vgpreload_memcheck-amd64-linux.so)
==13082==    by 0x109240: check_words (spell.c:142)
==13082==    by 0x1099B4: main (main.c:27)
==13082==  Uninitialised value was created by a stack allocation
==13082==    at 0x10908F: check_words (spell.c:101)
==13082== 
==13082== ERROR SUMMARY: 19 errors from 11 contexts (suppressed: 0 from 0)
